#
# A fatal error has been detected by the Java Runtime Environment:
#
#  SIGSEGV (0xb) at pc=0x0000000000000000, pid=57518, tid=91915
#
# JRE version: OpenJDK Runtime Environment (11.0.4+10) (build 11.0.4+10-b304.69)
# Java VM: OpenJDK 64-Bit Server VM (11.0.4+10-b304.69, mixed mode, tiered, compressed oops, g1 gc, bsd-amd64)
# Problematic frame:
# C  0x0000000000000000
#
# No core dump will be written. Core dumps have been disabled. To enable core dumping, try "ulimit -c unlimited" before starting Java again
#
# If you would like to submit a bug report, please visit:
#   http://bugreport.java.com/bugreport/crash.jsp
#

---------------  S U M M A R Y ------------

Command Line: -javaagent:/Applications/IntelliJ IDEA.app/Contents/lib/idea_rt.jar=59934:/Applications/IntelliJ IDEA.app/Contents/bin -Dfile.encoding=UTF-8 de.christopherstock.jme.game2.Town

Host: MacBookPro11,1 x86_64 2600 MHz, 4 cores, 8G, Darwin 18.7.0
Time: Wed Oct 30 11:16:37 2019 CET elapsed time: 49 seconds (0d 0h 0m 49s)

---------------  T H R E A D  ---------------

Current thread is native thread

Stack: [0x0000700011e34000,0x0000700011eb4000],  sp=0x0000700011eb3998,  free space=510k

siginfo: si_signo: 11 (SIGSEGV), si_code: 1 (SEGV_MAPERR), si_addr: 0x0000000000000000

Register to memory mapping:

RAX=
[error occurred during error reporting (printing register info), id 0xb, SIGSEGV (0xb) at pc=0x00000001014f3370]

Registers:
RAX=0x0000000160062508, RBX=0x00000000000161b0, RCX=0x0000000000000010, RDX=0xfffffffffffffff0
RSP=0x0000700011eb3998, RBP=0x0000700011eb3a40, RSI=0x0000000000000000, RDI=0x0000000140766000
R8 =0x0000000000000200, R9 =0x00007fc7da9b5200, R10=0x00007fc7d85fbe30, R11=0x000000000003fab0
R12=0x00007fc7da975750, R13=0x0000000140766000, R14=0x00007fc7da9b5200, R15=0x0000000000000800
RIP=0x0000000000000000, EFLAGS=0x0000000000010246, ERR=0x0000000000000014
  TRAPNO=0x000000000000000e

Top of Stack: (sp=0x0000700011eb3998)
0x0000700011eb3998:   0000000160034639 0000000000000000
0x0000700011eb39a8:   0000000000000000 000000014076e1b0
0x0000700011eb39b8:   0000000122388000 000000014076c1b0
0x0000700011eb39c8:   0000020000000000 0000000000000000
0x0000700011eb39d8:   0000000000000800 0000700000000200
0x0000700011eb39e8:   000000014076a1b0 0000000140766000
0x0000700011eb39f8:   0000020000000000 0000000000000000
0x0000700011eb3a08:   000000000000037f ce652552835900d0
0x0000700011eb3a18:   00007fc7d9d036a0 00007fc7da975750
0x0000700011eb3a28:   00007fc7d9d03620 00007fc7da9b5200
0x0000700011eb3a38:   00007fc7d9d036a0 0000700011eb3a50
0x0000700011eb3a48:   00000001600442ef 0000700011eb3ad0
0x0000700011eb3a58:   0000000161bcea1f 0000000000000003
0x0000700011eb3a68:   00007fc7d9d70550 00007fc7d85fbc00
0x0000700011eb3a78:   00007fc7d9d03620 00000200004a0080
0x0000700011eb3a88:   00007fc7d85fbdf8 0000700011eb3c18
0x0000700011eb3a98:   0000700011eb3c90 0000700000000000
0x0000700011eb3aa8:   0000700011eb3c90 00007fc7d85fbc00
0x0000700011eb3ab8:   00007fc7d9d704d0 00007fc7da9bb930
0x0000700011eb3ac8:   0000000000000200 0000700011eb3b20
0x0000700011eb3ad8:   0000000161cea587 00007fc7d9ec767c
0x0000700011eb3ae8:   0000700011eb3c18 0000000011eb3be0
0x0000700011eb3af8:   0000000000001000 00007fc7d85fbc00
0x0000700011eb3b08:   0000700011eb3c18 0000000000000000
0x0000700011eb3b18:   0000000000000001 0000700011eb3bf0
0x0000700011eb3b28:   0000000161ce9ce7 00007fc7da9bb930
0x0000700011eb3b38:   00007fc7d9d9aa78 00001fa000000000
0x0000700011eb3b48:   0000700011eb3c90 00007fc7d9d704d0
0x0000700011eb3b58:   00007fc7da9bb930 00007fc7d85fbc00
0x0000700011eb3b68:   0000020000000000 0000000000009fe0
0x0000700011eb3b78:   0000000000000000 00007fc7d85fbee8
0x0000700011eb3b88:   00007fc7d85fbee8 0000700011eb3bd0 

Instructions: (pc=0x0000000000000000)
0xffffffffffffff00:   


Stack slot to memory mapping:
stack at sp + 0 slots: 
[error occurred during error reporting (inspecting top of stack), id 0xb, SIGSEGV (0xb) at pc=0x00000001014f3370]


---------------  P R O C E S S  ---------------

VM state:at safepoint (shutting down)

VM Mutex/Monitor currently owned by a thread:  ([mutex/lock_event])
[0x00007fc7d7507bd0] Threads_lock - owner thread: 0x00007fc7d9005800

Heap address: 0x0000000780000000, size: 2048 MB, Compressed Oops mode: Zero based, Oop shift amount: 3
Narrow klass base: 0x0000000800000000, Narrow klass shift: 0
Compressed class space size: 1073741824 Address: 0x0000000800000000

Heap:
 garbage-first heap   total 131072K, used 42579K [0x0000000780000000, 0x0000000800000000)
  region size 1024K, 37 young (37888K), 4 survivors (4096K)
 Metaspace       used 28803K, capacity 29399K, committed 29824K, reserved 1075200K
  class space    used 2952K, capacity 3181K, committed 3200K, reserved 1048576K
Heap Regions: E=young(eden), S=young(survivor), O=old, HS=humongous(starts), HC=humongous(continues), CS=collection set, F=free, A=archive, TAMS=top-at-mark-start (previous, next)
|   0|0x0000000780000000, 0x0000000780100000, 0x0000000780100000|100%|HS|  |TAMS 0x0000000780100000, 0x0000000780000000| Complete 
|   1|0x0000000780100000, 0x0000000780200000, 0x0000000780200000|100%|HC|  |TAMS 0x0000000780200000, 0x0000000780100000| Complete 
|   2|0x0000000780200000, 0x0000000780300000, 0x0000000780300000|100%| O|  |TAMS 0x0000000780300000, 0x0000000780200000| Untracked 
|   3|0x0000000780300000, 0x0000000780400000, 0x0000000780400000|100%| O|  |TAMS 0x0000000780400000, 0x0000000780300000| Untracked 
|   4|0x0000000780400000, 0x0000000780500000, 0x0000000780500000|100%| O|  |TAMS 0x0000000780500000, 0x0000000780400000| Untracked 
|   5|0x0000000780500000, 0x0000000780600000, 0x0000000780600000|100%| O|  |TAMS 0x0000000780600000, 0x0000000780500000| Untracked 
|   6|0x0000000780600000, 0x00000007806a2e00, 0x0000000780700000| 63%| O|  |TAMS 0x00000007806a2e00, 0x0000000780600000| Untracked 
|   7|0x0000000780700000, 0x0000000780700000, 0x0000000780800000|  0%| F|  |TAMS 0x0000000780700000, 0x0000000780700000| Untracked 
|   8|0x0000000780800000, 0x0000000780800000, 0x0000000780900000|  0%| F|  |TAMS 0x0000000780800000, 0x0000000780800000| Untracked 
|   9|0x0000000780900000, 0x0000000780900000, 0x0000000780a00000|  0%| F|  |TAMS 0x0000000780900000, 0x0000000780900000| Untracked 
|  10|0x0000000780a00000, 0x0000000780a00000, 0x0000000780b00000|  0%| F|  |TAMS 0x0000000780a00000, 0x0000000780a00000| Untracked 
|  11|0x0000000780b00000, 0x0000000780b00000, 0x0000000780c00000|  0%| F|  |TAMS 0x0000000780b00000, 0x0000000780b00000| Untracked 
|  12|0x0000000780c00000, 0x0000000780c00000, 0x0000000780d00000|  0%| F|  |TAMS 0x0000000780c00000, 0x0000000780c00000| Untracked 
|  13|0x0000000780d00000, 0x0000000780d00000, 0x0000000780e00000|  0%| F|  |TAMS 0x0000000780d00000, 0x0000000780d00000| Untracked 
|  14|0x0000000780e00000, 0x0000000780e00000, 0x0000000780f00000|  0%| F|  |TAMS 0x0000000780e00000, 0x0000000780e00000| Untracked 
|  15|0x0000000780f00000, 0x0000000780f00000, 0x0000000781000000|  0%| F|  |TAMS 0x0000000780f00000, 0x0000000780f00000| Untracked 
|  16|0x0000000781000000, 0x0000000781000000, 0x0000000781100000|  0%| F|  |TAMS 0x0000000781000000, 0x0000000781000000| Untracked 
|  17|0x0000000781100000, 0x0000000781100000, 0x0000000781200000|  0%| F|  |TAMS 0x0000000781100000, 0x0000000781100000| Untracked 
|  18|0x0000000781200000, 0x0000000781200000, 0x0000000781300000|  0%| F|  |TAMS 0x0000000781200000, 0x0000000781200000| Untracked 
|  19|0x0000000781300000, 0x0000000781300000, 0x0000000781400000|  0%| F|  |TAMS 0x0000000781300000, 0x0000000781300000| Untracked 
|  20|0x0000000781400000, 0x0000000781400000, 0x0000000781500000|  0%| F|  |TAMS 0x0000000781400000, 0x0000000781400000| Untracked 
|  21|0x0000000781500000, 0x0000000781500000, 0x0000000781600000|  0%| F|  |TAMS 0x0000000781500000, 0x0000000781500000| Untracked 
|  22|0x0000000781600000, 0x0000000781600000, 0x0000000781700000|  0%| F|  |TAMS 0x0000000781600000, 0x0000000781600000| Untracked 
|  23|0x0000000781700000, 0x0000000781700000, 0x0000000781800000|  0%| F|  |TAMS 0x0000000781700000, 0x0000000781700000| Untracked 
|  24|0x0000000781800000, 0x0000000781800000, 0x0000000781900000|  0%| F|  |TAMS 0x0000000781800000, 0x0000000781800000| Untracked 
|  25|0x0000000781900000, 0x0000000781900000, 0x0000000781a00000|  0%| F|  |TAMS 0x0000000781900000, 0x0000000781900000| Untracked 
|  26|0x0000000781a00000, 0x0000000781a00000, 0x0000000781b00000|  0%| F|  |TAMS 0x0000000781a00000, 0x0000000781a00000| Untracked 
|  27|0x0000000781b00000, 0x0000000781b00000, 0x0000000781c00000|  0%| F|  |TAMS 0x0000000781b00000, 0x0000000781b00000| Untracked 
|  28|0x0000000781c00000, 0x0000000781c00000, 0x0000000781d00000|  0%| F|  |TAMS 0x0000000781c00000, 0x0000000781c00000| Untracked 
|  29|0x0000000781d00000, 0x0000000781d00000, 0x0000000781e00000|  0%| F|  |TAMS 0x0000000781d00000, 0x0000000781d00000| Untracked 
|  30|0x0000000781e00000, 0x0000000781e00000, 0x0000000781f00000|  0%| F|  |TAMS 0x0000000781e00000, 0x0000000781e00000| Untracked 
|  31|0x0000000781f00000, 0x0000000781f00000, 0x0000000782000000|  0%| F|  |TAMS 0x0000000781f00000, 0x0000000781f00000| Untracked 
|  32|0x0000000782000000, 0x0000000782000000, 0x0000000782100000|  0%| F|  |TAMS 0x0000000782000000, 0x0000000782000000| Untracked 
|  33|0x0000000782100000, 0x0000000782100000, 0x0000000782200000|  0%| F|  |TAMS 0x0000000782100000, 0x0000000782100000| Untracked 
|  34|0x0000000782200000, 0x0000000782200000, 0x0000000782300000|  0%| F|  |TAMS 0x0000000782200000, 0x0000000782200000| Untracked 
|  35|0x0000000782300000, 0x0000000782300000, 0x0000000782400000|  0%| F|  |TAMS 0x0000000782300000, 0x0000000782300000| Untracked 
|  36|0x0000000782400000, 0x0000000782400000, 0x0000000782500000|  0%| F|  |TAMS 0x0000000782400000, 0x0000000782400000| Untracked 
|  37|0x0000000782500000, 0x0000000782500000, 0x0000000782600000|  0%| F|  |TAMS 0x0000000782500000, 0x0000000782500000| Untracked 
|  38|0x0000000782600000, 0x0000000782600000, 0x0000000782700000|  0%| F|  |TAMS 0x0000000782600000, 0x0000000782600000| Untracked 
|  39|0x0000000782700000, 0x0000000782700000, 0x0000000782800000|  0%| F|  |TAMS 0x0000000782700000, 0x0000000782700000| Untracked 
|  40|0x0000000782800000, 0x0000000782800000, 0x0000000782900000|  0%| F|  |TAMS 0x0000000782800000, 0x0000000782800000| Untracked 
|  41|0x0000000782900000, 0x0000000782900000, 0x0000000782a00000|  0%| F|  |TAMS 0x0000000782900000, 0x0000000782900000| Untracked 
|  42|0x0000000782a00000, 0x0000000782a00000, 0x0000000782b00000|  0%| F|  |TAMS 0x0000000782a00000, 0x0000000782a00000| Untracked 
|  43|0x0000000782b00000, 0x0000000782b00000, 0x0000000782c00000|  0%| F|  |TAMS 0x0000000782b00000, 0x0000000782b00000| Untracked 
|  44|0x0000000782c00000, 0x0000000782c00000, 0x0000000782d00000|  0%| F|  |TAMS 0x0000000782c00000, 0x0000000782c00000| Untracked 
|  45|0x0000000782d00000, 0x0000000782d00000, 0x0000000782e00000|  0%| F|  |TAMS 0x0000000782d00000, 0x0000000782d00000| Untracked 
|  46|0x0000000782e00000, 0x0000000782e00000, 0x0000000782f00000|  0%| F|  |TAMS 0x0000000782e00000, 0x0000000782e00000| Untracked 
|  47|0x0000000782f00000, 0x0000000782f00000, 0x0000000783000000|  0%| F|  |TAMS 0x0000000782f00000, 0x0000000782f00000| Untracked 
|  48|0x0000000783000000, 0x0000000783000000, 0x0000000783100000|  0%| F|  |TAMS 0x0000000783000000, 0x0000000783000000| Untracked 
|  49|0x0000000783100000, 0x0000000783100000, 0x0000000783200000|  0%| F|  |TAMS 0x0000000783100000, 0x0000000783100000| Untracked 
|  50|0x0000000783200000, 0x0000000783200000, 0x0000000783300000|  0%| F|  |TAMS 0x0000000783200000, 0x0000000783200000| Untracked 
|  51|0x0000000783300000, 0x0000000783300000, 0x0000000783400000|  0%| F|  |TAMS 0x0000000783300000, 0x0000000783300000| Untracked 
|  52|0x0000000783400000, 0x0000000783400000, 0x0000000783500000|  0%| F|  |TAMS 0x0000000783400000, 0x0000000783400000| Untracked 
|  53|0x0000000783500000, 0x0000000783500000, 0x0000000783600000|  0%| F|  |TAMS 0x0000000783500000, 0x0000000783500000| Untracked 
|  54|0x0000000783600000, 0x0000000783600000, 0x0000000783700000|  0%| F|  |TAMS 0x0000000783600000, 0x0000000783600000| Untracked 
|  55|0x0000000783700000, 0x0000000783700000, 0x0000000783800000|  0%| F|  |TAMS 0x0000000783700000, 0x0000000783700000| Untracked 
|  56|0x0000000783800000, 0x0000000783800000, 0x0000000783900000|  0%| F|  |TAMS 0x0000000783800000, 0x0000000783800000| Untracked 
|  57|0x0000000783900000, 0x0000000783900000, 0x0000000783a00000|  0%| F|  |TAMS 0x0000000783900000, 0x0000000783900000| Untracked 
|  58|0x0000000783a00000, 0x0000000783a00000, 0x0000000783b00000|  0%| F|  |TAMS 0x0000000783a00000, 0x0000000783a00000| Untracked 
|  59|0x0000000783b00000, 0x0000000783b00000, 0x0000000783c00000|  0%| F|  |TAMS 0x0000000783b00000, 0x0000000783b00000| Untracked 
|  60|0x0000000783c00000, 0x0000000783c00000, 0x0000000783d00000|  0%| F|  |TAMS 0x0000000783c00000, 0x0000000783c00000| Untracked 
|  61|0x0000000783d00000, 0x0000000783d00000, 0x0000000783e00000|  0%| F|  |TAMS 0x0000000783d00000, 0x0000000783d00000| Untracked 
|  62|0x0000000783e00000, 0x0000000783e00000, 0x0000000783f00000|  0%| F|  |TAMS 0x0000000783e00000, 0x0000000783e00000| Untracked 
|  63|0x0000000783f00000, 0x0000000783f00000, 0x0000000784000000|  0%| F|  |TAMS 0x0000000783f00000, 0x0000000783f00000| Untracked 
|  64|0x0000000784000000, 0x0000000784000000, 0x0000000784100000|  0%| F|  |TAMS 0x0000000784000000, 0x0000000784000000| Untracked 
|  65|0x0000000784100000, 0x0000000784100000, 0x0000000784200000|  0%| F|  |TAMS 0x0000000784100000, 0x0000000784100000| Untracked 
|  66|0x0000000784200000, 0x0000000784200000, 0x0000000784300000|  0%| F|  |TAMS 0x0000000784200000, 0x0000000784200000| Untracked 
|  67|0x0000000784300000, 0x0000000784300000, 0x0000000784400000|  0%| F|  |TAMS 0x0000000784300000, 0x0000000784300000| Untracked 
|  68|0x0000000784400000, 0x0000000784400000, 0x0000000784500000|  0%| F|  |TAMS 0x0000000784400000, 0x0000000784400000| Untracked 
|  69|0x0000000784500000, 0x0000000784500000, 0x0000000784600000|  0%| F|  |TAMS 0x0000000784500000, 0x0000000784500000| Untracked 
|  70|0x0000000784600000, 0x0000000784600000, 0x0000000784700000|  0%| F|  |TAMS 0x0000000784600000, 0x0000000784600000| Untracked 
|  71|0x0000000784700000, 0x0000000784700000, 0x0000000784800000|  0%| F|  |TAMS 0x0000000784700000, 0x0000000784700000| Untracked 
|  72|0x0000000784800000, 0x0000000784800000, 0x0000000784900000|  0%| F|  |TAMS 0x0000000784800000, 0x0000000784800000| Untracked 
|  73|0x0000000784900000, 0x0000000784900000, 0x0000000784a00000|  0%| F|  |TAMS 0x0000000784900000, 0x0000000784900000| Untracked 
|  74|0x0000000784a00000, 0x0000000784a00000, 0x0000000784b00000|  0%| F|  |TAMS 0x0000000784a00000, 0x0000000784a00000| Untracked 
|  75|0x0000000784b00000, 0x0000000784b00000, 0x0000000784c00000|  0%| F|  |TAMS 0x0000000784b00000, 0x0000000784b00000| Untracked 
|  76|0x0000000784c00000, 0x0000000784c00000, 0x0000000784d00000|  0%| F|  |TAMS 0x0000000784c00000, 0x0000000784c00000| Untracked 
|  77|0x0000000784d00000, 0x0000000784d00000, 0x0000000784e00000|  0%| F|  |TAMS 0x0000000784d00000, 0x0000000784d00000| Untracked 
|  78|0x0000000784e00000, 0x0000000784e00000, 0x0000000784f00000|  0%| F|  |TAMS 0x0000000784e00000, 0x0000000784e00000| Untracked 
|  79|0x0000000784f00000, 0x0000000784f00000, 0x0000000785000000|  0%| F|  |TAMS 0x0000000784f00000, 0x0000000784f00000| Untracked 
|  80|0x0000000785000000, 0x0000000785000000, 0x0000000785100000|  0%| F|  |TAMS 0x0000000785000000, 0x0000000785000000| Untracked 
|  81|0x0000000785100000, 0x0000000785100000, 0x0000000785200000|  0%| F|  |TAMS 0x0000000785100000, 0x0000000785100000| Untracked 
|  82|0x0000000785200000, 0x0000000785200000, 0x0000000785300000|  0%| F|  |TAMS 0x0000000785200000, 0x0000000785200000| Untracked 
|  83|0x0000000785300000, 0x0000000785300000, 0x0000000785400000|  0%| F|  |TAMS 0x0000000785300000, 0x0000000785300000| Untracked 
|  84|0x0000000785400000, 0x0000000785400000, 0x0000000785500000|  0%| F|  |TAMS 0x0000000785400000, 0x0000000785400000| Untracked 
|  85|0x0000000785500000, 0x0000000785500000, 0x0000000785600000|  0%| F|  |TAMS 0x0000000785500000, 0x0000000785500000| Untracked 
|  86|0x0000000785600000, 0x0000000785600000, 0x0000000785700000|  0%| F|  |TAMS 0x0000000785600000, 0x0000000785600000| Untracked 
|  87|0x0000000785700000, 0x0000000785700000, 0x0000000785800000|  0%| F|  |TAMS 0x0000000785700000, 0x0000000785700000| Untracked 
|  88|0x0000000785800000, 0x0000000785800000, 0x0000000785900000|  0%| F|  |TAMS 0x0000000785800000, 0x0000000785800000| Untracked 
|  89|0x0000000785900000, 0x0000000785900000, 0x0000000785a00000|  0%| F|  |TAMS 0x0000000785900000, 0x0000000785900000| Untracked 
|  90|0x0000000785a00000, 0x0000000785af20e0, 0x0000000785b00000| 94%| S|CS|TAMS 0x0000000785a00000, 0x0000000785a00000| Complete 
|  91|0x0000000785b00000, 0x0000000785c00000, 0x0000000785c00000|100%| S|CS|TAMS 0x0000000785b00000, 0x0000000785b00000| Complete 
|  92|0x0000000785c00000, 0x0000000785d00000, 0x0000000785d00000|100%| S|CS|TAMS 0x0000000785c00000, 0x0000000785c00000| Complete 
|  93|0x0000000785d00000, 0x0000000785e00000, 0x0000000785e00000|100%| S|CS|TAMS 0x0000000785d00000, 0x0000000785d00000| Complete 
|  94|0x0000000785e00000, 0x0000000785e00000, 0x0000000785f00000|  0%| F|  |TAMS 0x0000000785e00000, 0x0000000785e00000| Untracked 
|  95|0x0000000785f00000, 0x0000000785f48330, 0x0000000786000000| 28%| E|  |TAMS 0x0000000785f00000, 0x0000000785f00000| Complete 
|  96|0x0000000786000000, 0x0000000786100000, 0x0000000786100000|100%| E|CS|TAMS 0x0000000786000000, 0x0000000786000000| Complete 
|  97|0x0000000786100000, 0x0000000786200000, 0x0000000786200000|100%| E|CS|TAMS 0x0000000786100000, 0x0000000786100000| Complete 
|  98|0x0000000786200000, 0x0000000786300000, 0x0000000786300000|100%| E|CS|TAMS 0x0000000786200000, 0x0000000786200000| Complete 
|  99|0x0000000786300000, 0x0000000786400000, 0x0000000786400000|100%| E|CS|TAMS 0x0000000786300000, 0x0000000786300000| Complete 
| 100|0x0000000786400000, 0x0000000786500000, 0x0000000786500000|100%| E|CS|TAMS 0x0000000786400000, 0x0000000786400000| Complete 
| 101|0x0000000786500000, 0x0000000786600000, 0x0000000786600000|100%| E|CS|TAMS 0x0000000786500000, 0x0000000786500000| Complete 
| 102|0x0000000786600000, 0x0000000786700000, 0x0000000786700000|100%| E|CS|TAMS 0x0000000786600000, 0x0000000786600000| Complete 
| 103|0x0000000786700000, 0x0000000786800000, 0x0000000786800000|100%| E|CS|TAMS 0x0000000786700000, 0x0000000786700000| Complete 
| 104|0x0000000786800000, 0x0000000786900000, 0x0000000786900000|100%| E|CS|TAMS 0x0000000786800000, 0x0000000786800000| Complete 
| 105|0x0000000786900000, 0x0000000786a00000, 0x0000000786a00000|100%| E|CS|TAMS 0x0000000786900000, 0x0000000786900000| Complete 
| 106|0x0000000786a00000, 0x0000000786b00000, 0x0000000786b00000|100%| E|CS|TAMS 0x0000000786a00000, 0x0000000786a00000| Complete 
| 107|0x0000000786b00000, 0x0000000786c00000, 0x0000000786c00000|100%| E|CS|TAMS 0x0000000786b00000, 0x0000000786b00000| Complete 
| 108|0x0000000786c00000, 0x0000000786d00000, 0x0000000786d00000|100%| E|CS|TAMS 0x0000000786c00000, 0x0000000786c00000| Complete 
| 109|0x0000000786d00000, 0x0000000786e00000, 0x0000000786e00000|100%| E|CS|TAMS 0x0000000786d00000, 0x0000000786d00000| Complete 
| 110|0x0000000786e00000, 0x0000000786f00000, 0x0000000786f00000|100%| E|CS|TAMS 0x0000000786e00000, 0x0000000786e00000| Complete 
| 111|0x0000000786f00000, 0x0000000787000000, 0x0000000787000000|100%| E|CS|TAMS 0x0000000786f00000, 0x0000000786f00000| Complete 
| 112|0x0000000787000000, 0x0000000787100000, 0x0000000787100000|100%| E|CS|TAMS 0x0000000787000000, 0x0000000787000000| Complete 
| 113|0x0000000787100000, 0x0000000787200000, 0x0000000787200000|100%| E|CS|TAMS 0x0000000787100000, 0x0000000787100000| Complete 
| 114|0x0000000787200000, 0x0000000787300000, 0x0000000787300000|100%| E|  |TAMS 0x0000000787200000, 0x0000000787200000| Complete 
| 115|0x0000000787300000, 0x0000000787400000, 0x0000000787400000|100%| E|CS|TAMS 0x0000000787300000, 0x0000000787300000| Complete 
| 116|0x0000000787400000, 0x0000000787500000, 0x0000000787500000|100%| E|CS|TAMS 0x0000000787400000, 0x0000000787400000| Complete 
| 117|0x0000000787500000, 0x0000000787600000, 0x0000000787600000|100%| E|CS|TAMS 0x0000000787500000, 0x0000000787500000| Complete 
| 118|0x0000000787600000, 0x0000000787700000, 0x0000000787700000|100%| E|CS|TAMS 0x0000000787600000, 0x0000000787600000| Complete 
| 119|0x0000000787700000, 0x0000000787800000, 0x0000000787800000|100%| E|CS|TAMS 0x0000000787700000, 0x0000000787700000| Complete 
| 120|0x0000000787800000, 0x0000000787900000, 0x0000000787900000|100%| E|CS|TAMS 0x0000000787800000, 0x0000000787800000| Complete 
| 121|0x0000000787900000, 0x0000000787a00000, 0x0000000787a00000|100%| E|CS|TAMS 0x0000000787900000, 0x0000000787900000| Complete 
| 122|0x0000000787a00000, 0x0000000787b00000, 0x0000000787b00000|100%| E|CS|TAMS 0x0000000787a00000, 0x0000000787a00000| Complete 
| 123|0x0000000787b00000, 0x0000000787c00000, 0x0000000787c00000|100%| E|CS|TAMS 0x0000000787b00000, 0x0000000787b00000| Complete 
| 124|0x0000000787c00000, 0x0000000787d00000, 0x0000000787d00000|100%| E|CS|TAMS 0x0000000787c00000, 0x0000000787c00000| Complete 
| 125|0x0000000787d00000, 0x0000000787e00000, 0x0000000787e00000|100%| E|CS|TAMS 0x0000000787d00000, 0x0000000787d00000| Complete 
| 126|0x0000000787e00000, 0x0000000787f00000, 0x0000000787f00000|100%| E|CS|TAMS 0x0000000787e00000, 0x0000000787e00000| Complete 
| 127|0x0000000787f00000, 0x0000000788000000, 0x0000000788000000|100%| E|CS|TAMS 0x0000000787f00000, 0x0000000787f00000| Complete 

Card table byte_map: [0x000000011549b000,0x000000011589b000] _byte_map_base: 0x000000011189b000

Marking Bits (Prev, Next): (CMBitMap*) 0x00007fc7d8020050, (CMBitMap*) 0x00007fc7d8020018
 Prev Bits: [0x0000000117c9b000, 0x0000000119c9b000)
 Next Bits: [0x0000000115c9b000, 0x0000000117c9b000)

Polling page: 0x0000000100512000

Metaspace:

Usage:
  Non-class:     25.60 MB capacity,    25.25 MB ( 99%) used,   299.28 KB (  1%) free+waste,    67.50 KB ( <1%) overhead. 
      Class:      3.11 MB capacity,     2.88 MB ( 93%) used,   195.46 KB (  6%) free+waste,    32.81 KB (  1%) overhead. 
       Both:     28.71 MB capacity,    28.13 MB ( 98%) used,   494.74 KB (  2%) free+waste,   100.31 KB ( <1%) overhead. 

Virtual space:
  Non-class space:       26.00 MB reserved,      26.00 MB (100%) committed 
      Class space:        1.00 GB reserved,       3.12 MB ( <1%) committed 
             Both:        1.03 GB reserved,      29.12 MB (  3%) committed 

Chunk freelists:
   Non-Class:  318.00 KB
       Class:  19.00 KB
        Both:  337.00 KB

CodeHeap 'non-profiled nmethods': size=120032Kb used=1876Kb max_used=1876Kb free=118155Kb
 bounds [0x000000010d963000, 0x000000010dbd3000, 0x0000000114e9b000]
CodeHeap 'profiled nmethods': size=120032Kb used=7970Kb max_used=7970Kb free=112061Kb
 bounds [0x000000010642b000, 0x0000000106bfb000, 0x000000010d963000]
CodeHeap 'non-nmethods': size=5696Kb used=1355Kb max_used=1397Kb free=4340Kb
 bounds [0x0000000105e9b000, 0x000000010610b000, 0x000000010642b000]
 total_blobs=5482 nmethods=3764 adapters=723
 compilation: enabled
              stopped_count=0, restarted_count=0
 full_count=0

Compilation events (10 events):
Event: 44.691 Thread 0x00007fc7d7825800 3785       4       java.lang.AbstractStringBuilder::appendChars (130 bytes)
Event: 44.701 Thread 0x00007fc7d7825800 nmethod 3785 0x000000010db37090 code [0x000000010db37220, 0x000000010db37518]
Event: 44.861 Thread 0x00007fc7d7825800 3786       4       com.jme3.util.IntMap$IntMapIterator::hasNext (20 bytes)
Event: 44.862 Thread 0x00007fc7d7825800 nmethod 3786 0x000000010db37690 code [0x000000010db37820, 0x000000010db378b8]
Event: 45.297 Thread 0x00007fc7d7825800 3787   !   4       org.lwjgl.opengl.Display::isActive (38 bytes)
Event: 45.299 Thread 0x00007fc7d7825800 nmethod 3787 0x000000010db37990 code [0x000000010db37b60, 0x000000010db37ee8]
Event: 47.694 Thread 0x00007fc7d900e000 3788       1       com.jme3.input.event.InputEvent::setConsumed (6 bytes)
Event: 47.694 Thread 0x00007fc7d900e000 nmethod 3788 0x000000010db38010 code [0x000000010db381c0, 0x000000010db382d0]
Event: 49.055 Thread 0x00007fc7d900e000 3789       3       java.lang.ClassLoader::findNative (81 bytes)
Event: 49.059 Thread 0x00007fc7d900e000 nmethod 3789 0x0000000106bf2e10 code [0x0000000106bf3060, 0x0000000106bf38f8]

GC Heap History (8 events):
Event: 2.468 GC heap before
{Heap before GC invocations=0 (full 0):
 garbage-first heap   total 131072K, used 16384K [0x0000000780000000, 0x0000000800000000)
  region size 1024K, 14 young (14336K), 0 survivors (0K)
 Metaspace       used 18076K, capacity 18506K, committed 18688K, reserved 1064960K
  class space    used 2059K, capacity 2264K, committed 2304K, reserved 1048576K
}
Event: 2.476 GC heap after
{Heap after GC invocations=1 (full 0):
 garbage-first heap   total 131072K, used 5398K [0x0000000780000000, 0x0000000800000000)
  region size 1024K, 2 young (2048K), 2 survivors (2048K)
 Metaspace       used 18076K, capacity 18506K, committed 18688K, reserved 1064960K
  class space    used 2059K, capacity 2264K, committed 2304K, reserved 1048576K
}
Event: 13.050 GC heap before
{Heap before GC invocations=1 (full 0):
 garbage-first heap   total 131072K, used 9494K [0x0000000780000000, 0x0000000800000000)
  region size 1024K, 6 young (6144K), 2 survivors (2048K)
 Metaspace       used 18704K, capacity 19122K, committed 19328K, reserved 1067008K
  class space    used 2126K, capacity 2340K, committed 2432K, reserved 1048576K
}
Event: 13.058 GC heap after
{Heap after GC invocations=2 (full 0):
 garbage-first heap   total 131072K, used 7819K [0x0000000780000000, 0x0000000800000000)
  region size 1024K, 1 young (1024K), 1 survivors (1024K)
 Metaspace       used 18704K, capacity 19122K, committed 19328K, reserved 1067008K
  class space    used 2126K, capacity 2340K, committed 2432K, reserved 1048576K
}
Event: 14.308 GC heap before
{Heap before GC invocations=2 (full 0):
 garbage-first heap   total 131072K, used 8843K [0x0000000780000000, 0x0000000800000000)
  region size 1024K, 4 young (4096K), 1 survivors (1024K)
 Metaspace       used 20624K, capacity 21134K, committed 21248K, reserved 1069056K
  class space    used 2313K, capacity 2548K, committed 2560K, reserved 1048576K
}
Event: 14.312 GC heap after
{Heap after GC invocations=3 (full 0):
 garbage-first heap   total 131072K, used 8702K [0x0000000780000000, 0x0000000800000000)
  region size 1024K, 2 young (2048K), 2 survivors (2048K)
 Metaspace       used 20624K, capacity 21134K, committed 21248K, reserved 1069056K
  class space    used 2313K, capacity 2548K, committed 2560K, reserved 1048576K
}
Event: 15.569 GC heap before
{Heap before GC invocations=4 (full 0):
 garbage-first heap   total 131072K, used 43518K [0x0000000780000000, 0x0000000800000000)
  region size 1024K, 34 young (34816K), 2 survivors (2048K)
 Metaspace       used 27067K, capacity 27657K, committed 28288K, reserved 1075200K
  class space    used 2870K, capacity 3115K, committed 3200K, reserved 1048576K
}
Event: 15.579 GC heap after
{Heap after GC invocations=5 (full 0):
 garbage-first heap   total 131072K, used 10835K [0x0000000780000000, 0x0000000800000000)
  region size 1024K, 4 young (4096K), 4 survivors (4096K)
 Metaspace       used 27067K, capacity 27657K, committed 28288K, reserved 1075200K
  class space    used 2870K, capacity 3115K, committed 3200K, reserved 1048576K
}

Deoptimization events (10 events):
Event: 30.439 Thread 0x00007fc7d8138000 DEOPT PACKING pc=0x000000010daecdb8 sp=0x00007ffeef779520
Event: 30.439 Thread 0x00007fc7d8138000 DEOPT UNPACKING pc=0x0000000105ec39a5 sp=0x00007ffeef7794d0 mode 2
Event: 38.319 Thread 0x00007fc7d9130800 Uncommon trap: trap_request=0xffffff4d fr.pc=0x000000010db05b08 relative=0x00000000000002c8
Event: 38.319 Thread 0x00007fc7d9130800 Uncommon trap: reason=unstable_if action=reinterpret pc=0x000000010db05b08 method=java.lang.ThreadLocal$ThreadLocalMap.set(Ljava/lang/ThreadLocal;Ljava/lang/Object;)V @ 28 c2
Event: 38.319 Thread 0x00007fc7d9130800 DEOPT PACKING pc=0x000000010db05b08 sp=0x000070001189dfd0
Event: 38.319 Thread 0x00007fc7d9130800 DEOPT UNPACKING pc=0x0000000105ec39a5 sp=0x000070001189df88 mode 2
Event: 40.054 Thread 0x00007fc7d9130800 Uncommon trap: trap_request=0xffffff4d fr.pc=0x000000010db12854 relative=0x00000000000065b4
Event: 40.055 Thread 0x00007fc7d9130800 Uncommon trap: reason=unstable_if action=reinterpret pc=0x000000010db12854 method=com.jme3.input.FlyByCamera.onAnalog(Ljava/lang/String;FF)V @ 171 c2
Event: 40.056 Thread 0x00007fc7d9130800 DEOPT PACKING pc=0x000000010db12854 sp=0x000070001189e6d0
Event: 40.056 Thread 0x00007fc7d9130800 DEOPT UNPACKING pc=0x0000000105ec39a5 sp=0x000070001189e518 mode 2

Classes redefined (0 events):
No events

Internal exceptions (10 events):
Event: 14.329 Thread 0x00007fc7d7803000 Implicit null exception at 0x000000010d9ae174 to 0x000000010d9ae6b6
Event: 14.387 Thread 0x00007fc7d9130800 Exception <a 'java/lang/UnsatisfiedLinkError'{0x0000000787d23640}> (0x0000000787d23640) thrown at [/opt/buildAgent/work/5ff2f6c26000d570/src/hotspot/share/prims/jvm.cpp, line 1304]
Event: 14.659 Thread 0x00007fc7d9130800 Exception <a 'java/lang/NoSuchMethodError'{0x0000000787860db0}: 'int java.lang.invoke.DirectMethodHandle$Holder.invokeSpecialIFC(java.lang.Object, java.lang.Object, int)'> (0x0000000787860db0) thrown at [/opt/buildAgent/work/5ff2f6c26000d570/src/hotspot/s
Event: 14.764 Thread 0x00007fc7d7803000 Exception <a 'java/security/PrivilegedActionException'{0x00000007876f58f0}> (0x00000007876f58f0) thrown at [/opt/buildAgent/work/5ff2f6c26000d570/src/hotspot/share/prims/jvm.cpp, line 1300]
Event: 14.764 Thread 0x00007fc7d7803000 Exception <a 'java/security/PrivilegedActionException'{0x00000007876f80a0}> (0x00000007876f80a0) thrown at [/opt/buildAgent/work/5ff2f6c26000d570/src/hotspot/share/prims/jvm.cpp, line 1300]
Event: 14.764 Thread 0x00007fc7d7803000 Exception <a 'java/security/PrivilegedActionException'{0x00000007876f9058}> (0x00000007876f9058) thrown at [/opt/buildAgent/work/5ff2f6c26000d570/src/hotspot/share/prims/jvm.cpp, line 1300]
Event: 14.765 Thread 0x00007fc7d7803000 Exception <a 'java/security/PrivilegedActionException'{0x0000000787506808}> (0x0000000787506808) thrown at [/opt/buildAgent/work/5ff2f6c26000d570/src/hotspot/share/prims/jvm.cpp, line 1300]
Event: 14.765 Thread 0x00007fc7d7803000 Exception <a 'java/security/PrivilegedActionException'{0x00000007875073c8}> (0x00000007875073c8) thrown at [/opt/buildAgent/work/5ff2f6c26000d570/src/hotspot/share/prims/jvm.cpp, line 1300]
Event: 14.765 Thread 0x00007fc7d7803000 Exception <a 'java/security/PrivilegedActionException'{0x0000000787507f48}> (0x0000000787507f48) thrown at [/opt/buildAgent/work/5ff2f6c26000d570/src/hotspot/share/prims/jvm.cpp, line 1300]
Event: 38.319 Thread 0x00007fc7d9130800 Implicit null exception at 0x000000010db058a1 to 0x000000010db05ade

Events (10 events):
Event: 49.055 Executing VM operation: RevokeBias
Event: 49.055 Thread 0x00007fc7d7a7f800 Thread added: 0x00007fc7d7a7f800
Event: 49.055 Executing VM operation: RevokeBias done
Event: 49.055 Thread 0x00007fc7d78fa000 Thread exited: 0x00007fc7d78fa000
Event: 49.055 Executing VM operation: RevokeBias
Event: 49.055 Executing VM operation: RevokeBias done
Event: 49.058 Thread 0x00007fc7d7909000 Thread exited: 0x00007fc7d7909000
Event: 49.060 Thread 0x00007fc7d7a7f800 Thread exited: 0x00007fc7d7a7f800
Event: 49.067 Thread 0x00007fc7d9006800 Thread exited: 0x00007fc7d9006800
Event: 49.067 Executing VM operation: Exit


Dynamic libraries:
0x00007fff4962d000 	/System/Library/Frameworks/Cocoa.framework/Versions/A/Cocoa
0x00007fff553d2000 	/System/Library/Frameworks/Security.framework/Versions/A/Security
0x00007fff482c0000 	/System/Library/Frameworks/ApplicationServices.framework/Versions/A/ApplicationServices
0x00007fff754e5000 	/usr/lib/libz.1.dylib
0x00007fff72e3f000 	/usr/lib/libSystem.B.dylib
0x00007fff49ea2000 	/System/Library/Frameworks/CoreFoundation.framework/Versions/A/CoreFoundation
0x00007fff4c125000 	/System/Library/Frameworks/Foundation.framework/Versions/C/Foundation
0x00007fff74676000 	/usr/lib/libobjc.A.dylib
0x00007fff474b9000 	/System/Library/Frameworks/AppKit.framework/Versions/C/AppKit
0x00007fff49a2b000 	/System/Library/Frameworks/CoreData.framework/Versions/A/CoreData
0x00007fff6c905000 	/System/Library/PrivateFrameworks/RemoteViewServices.framework/Versions/A/RemoteViewServices
0x00007fff70b7c000 	/System/Library/PrivateFrameworks/UIFoundation.framework/Versions/A/UIFoundation
0x00007fff72260000 	/System/Library/PrivateFrameworks/XCTTargetBootstrap.framework/Versions/A/XCTTargetBootstrap
0x00007fff49db1000 	/System/Library/Frameworks/CoreDisplay.framework/Versions/A/CoreDisplay
0x00007fff6761a000 	/System/Library/PrivateFrameworks/IconServices.framework/Versions/A/IconServices
0x00007fff4ea46000 	/System/Library/Frameworks/Metal.framework/Versions/A/Metal
0x00007fff5eb5d000 	/System/Library/PrivateFrameworks/DesktopServicesPriv.framework/Versions/A/DesktopServicesPriv
0x00007fff739d9000 	/usr/lib/libenergytrace.dylib
0x00007fff6f063000 	/System/Library/PrivateFrameworks/SkyLight.framework/Versions/A/SkyLight
0x00007fff4a2e9000 	/System/Library/Frameworks/CoreGraphics.framework/Versions/A/CoreGraphics
0x00007fff46285000 	/System/Library/Frameworks/Accelerate.framework/Versions/A/Accelerate
0x00007fff4c86e000 	/System/Library/Frameworks/IOSurface.framework/Versions/A/IOSurface
0x00007fff5e9c9000 	/System/Library/PrivateFrameworks/DFRFoundation.framework/Versions/A/DFRFoundation
0x00007fff487a3000 	/System/Library/Frameworks/AudioToolbox.framework/Versions/A/AudioToolbox
0x00007fff48a1c000 	/System/Library/Frameworks/AudioUnit.framework/Versions/A/AudioUnit
0x00007fff5ea5e000 	/System/Library/PrivateFrameworks/DataDetectorsCore.framework/Versions/A/DataDetectorsCore
0x00007fff49130000 	/System/Library/Frameworks/Carbon.framework/Versions/A/Frameworks/HIToolbox.framework/Versions/A/HIToolbox
0x00007fff73b32000 	/usr/lib/libicucore.A.dylib
0x00007fff54945000 	/System/Library/Frameworks/QuartzCore.framework/Versions/A/QuartzCore
0x00007fff49505000 	/System/Library/Frameworks/Carbon.framework/Versions/A/Frameworks/SpeechRecognition.framework/Versions/A/SpeechRecognition
0x00007fff72f93000 	/usr/lib/libauto.dylib
0x00007fff753d9000 	/usr/lib/libxml2.2.dylib
0x00007fff5e5a4000 	/System/Library/PrivateFrameworks/CoreUI.framework/Versions/A/CoreUI
0x00007fff49916000 	/System/Library/Frameworks/CoreAudio.framework/Versions/A/CoreAudio
0x00007fff4bf5a000 	/System/Library/Frameworks/DiskArbitration.framework/Versions/A/DiskArbitration
0x00007fff73de0000 	/usr/lib/liblangid.dylib
0x00007fff68a4a000 	/System/Library/PrivateFrameworks/MultitouchSupport.framework/Versions/A/MultitouchSupport
0x00007fff4c7dd000 	/System/Library/Frameworks/IOKit.framework/Versions/A/IOKit
0x00007fff729ff000 	/usr/lib/libDiagnosticMessagesClient.dylib
0x00007fff4b0f8000 	/System/Library/Frameworks/CoreServices.framework/Versions/A/CoreServices
0x00007fff6a704000 	/System/Library/PrivateFrameworks/PerformanceAnalysis.framework/Versions/A/PerformanceAnalysis
0x00007fff53b33000 	/System/Library/Frameworks/OpenGL.framework/Versions/A/OpenGL
0x00007fff4963b000 	/System/Library/Frameworks/ColorSync.framework/Versions/A/ColorSync
0x00007fff4a97a000 	/System/Library/Frameworks/CoreImage.framework/Versions/A/CoreImage
0x00007fff4bad0000 	/System/Library/Frameworks/CoreText.framework/Versions/A/CoreText
0x00007fff4c8d1000 	/System/Library/Frameworks/ImageIO.framework/Versions/A/ImageIO
0x00007fff5abf6000 	/System/Library/PrivateFrameworks/Backup.framework/Versions/A/Backup
0x00007fff72ee6000 	/usr/lib/libarchive.2.dylib
0x00007fff48d75000 	/System/Library/Frameworks/CFNetwork.framework/Versions/A/CFNetwork
0x00007fff55b2e000 	/System/Library/Frameworks/SystemConfiguration.framework/Versions/A/SystemConfiguration
0x00007fff72930000 	/usr/lib/libCRFSuite.dylib
0x00007fff73082000 	/usr/lib/libc++.1.dylib
0x00007fff730d6000 	/usr/lib/libc++abi.dylib
0x00007fff75cdb000 	/usr/lib/system/libcache.dylib
0x00007fff75ce0000 	/usr/lib/system/libcommonCrypto.dylib
0x00007fff75ceb000 	/usr/lib/system/libcompiler_rt.dylib
0x00007fff75cf3000 	/usr/lib/system/libcopyfile.dylib
0x00007fff75cfd000 	/usr/lib/system/libcorecrypto.dylib
0x00007fff75e08000 	/usr/lib/system/libdispatch.dylib
0x00007fff75e42000 	/usr/lib/system/libdyld.dylib
0x00007fff75e6f000 	/usr/lib/system/libkeymgr.dylib
0x00007fff75e7d000 	/usr/lib/system/liblaunch.dylib
0x00007fff75e7e000 	/usr/lib/system/libmacho.dylib
0x00007fff75e84000 	/usr/lib/system/libquarantine.dylib
0x00007fff75e87000 	/usr/lib/system/libremovefile.dylib
0x00007fff75e89000 	/usr/lib/system/libsystem_asl.dylib
0x00007fff75ea1000 	/usr/lib/system/libsystem_blocks.dylib
0x00007fff75ea2000 	/usr/lib/system/libsystem_c.dylib
0x00007fff75f2a000 	/usr/lib/system/libsystem_configuration.dylib
0x00007fff75f2e000 	/usr/lib/system/libsystem_coreservices.dylib
0x00007fff75f32000 	/usr/lib/system/libsystem_darwin.dylib
0x00007fff75f39000 	/usr/lib/system/libsystem_dnssd.dylib
0x00007fff75f40000 	/usr/lib/system/libsystem_info.dylib
0x00007fff75fb5000 	/usr/lib/system/libsystem_m.dylib
0x00007fff76001000 	/usr/lib/system/libsystem_malloc.dylib
0x00007fff7602c000 	/usr/lib/system/libsystem_networkextension.dylib
0x00007fff76037000 	/usr/lib/system/libsystem_notify.dylib
0x00007fff76054000 	/usr/lib/system/libsystem_sandbox.dylib
0x00007fff76058000 	/usr/lib/system/libsystem_secinit.dylib
0x00007fff75f8c000 	/usr/lib/system/libsystem_kernel.dylib
0x00007fff7603f000 	/usr/lib/system/libsystem_platform.dylib
0x00007fff76049000 	/usr/lib/system/libsystem_pthread.dylib
0x00007fff7605b000 	/usr/lib/system/libsystem_symptoms.dylib
0x00007fff76063000 	/usr/lib/system/libsystem_trace.dylib
0x00007fff7607a000 	/usr/lib/system/libunwind.dylib
0x00007fff76080000 	/usr/lib/system/libxpc.dylib
0x00007fff73063000 	/usr/lib/libbsm.0.dylib
0x00007fff75e70000 	/usr/lib/system/libkxld.dylib
0x00007fff59fe7000 	/System/Library/PrivateFrameworks/AppleFSCompression.framework/Versions/A/AppleFSCompression
0x00007fff72cff000 	/usr/lib/libOpenScriptingUtil.dylib
0x00007fff7338b000 	/usr/lib/libcoretls.dylib
0x00007fff733a2000 	/usr/lib/libcoretls_cfhelpers.dylib
0x00007fff74e0d000 	/usr/lib/libpam.2.dylib
0x00007fff74fcd000 	/usr/lib/libsqlite3.dylib
0x00007fff753c7000 	/usr/lib/libxar.1.dylib
0x00007fff73074000 	/usr/lib/libbz2.1.0.dylib
0x00007fff73de2000 	/usr/lib/liblzma.5.dylib
0x00007fff74293000 	/usr/lib/libnetwork.dylib
0x00007fff72ecf000 	/usr/lib/libapple_nghttp2.dylib
0x00007fff74e14000 	/usr/lib/libpcap.A.dylib
0x00007fff4b497000 	/System/Library/Frameworks/CoreServices.framework/Versions/A/Frameworks/FSEvents.framework/Versions/A/FSEvents
0x00007fff4b176000 	/System/Library/Frameworks/CoreServices.framework/Versions/A/Frameworks/CarbonCore.framework/Versions/A/CarbonCore
0x00007fff4b652000 	/System/Library/Frameworks/CoreServices.framework/Versions/A/Frameworks/Metadata.framework/Versions/A/Metadata
0x00007fff4b6f1000 	/System/Library/Frameworks/CoreServices.framework/Versions/A/Frameworks/OSServices.framework/Versions/A/OSServices
0x00007fff4b73c000 	/System/Library/Frameworks/CoreServices.framework/Versions/A/Frameworks/SearchKit.framework/Versions/A/SearchKit
0x00007fff4b0f9000 	/System/Library/Frameworks/CoreServices.framework/Versions/A/Frameworks/AE.framework/Versions/A/AE
0x00007fff4b4a0000 	/System/Library/Frameworks/CoreServices.framework/Versions/A/Frameworks/LaunchServices.framework/Versions/A/LaunchServices
0x00007fff4b44e000 	/System/Library/Frameworks/CoreServices.framework/Versions/A/Frameworks/DictionaryServices.framework/Versions/A/DictionaryServices
0x00007fff4b7a4000 	/System/Library/Frameworks/CoreServices.framework/Versions/A/Frameworks/SharedFileList.framework/Versions/A/SharedFileList
0x00007fff4fb0e000 	/System/Library/Frameworks/NetFS.framework/Versions/A/NetFS
0x00007fff68cb0000 	/System/Library/PrivateFrameworks/NetAuth.framework/Versions/A/NetAuth
0x00007fff72664000 	/System/Library/PrivateFrameworks/login.framework/Versions/A/Frameworks/loginsupport.framework/Versions/A/loginsupport
0x00007fff70785000 	/System/Library/PrivateFrameworks/TCC.framework/Versions/A/TCC
0x00007fff5dc01000 	/System/Library/PrivateFrameworks/CoreNLP.framework/Versions/A/CoreNLP
0x00007fff68720000 	/System/Library/PrivateFrameworks/MetadataUtilities.framework/Versions/A/MetadataUtilities
0x00007fff73eb7000 	/usr/lib/libmecabra.dylib
0x00007fff482c1000 	/System/Library/Frameworks/ApplicationServices.framework/Versions/A/Frameworks/ATS.framework/Versions/A/ATS
0x00007fff48610000 	/System/Library/Frameworks/ApplicationServices.framework/Versions/A/Frameworks/ColorSyncLegacy.framework/Versions/A/ColorSyncLegacy
0x00007fff486af000 	/System/Library/Frameworks/ApplicationServices.framework/Versions/A/Frameworks/HIServices.framework/Versions/A/HIServices
0x00007fff48702000 	/System/Library/Frameworks/ApplicationServices.framework/Versions/A/Frameworks/LangAnalysis.framework/Versions/A/LangAnalysis
0x00007fff48712000 	/System/Library/Frameworks/ApplicationServices.framework/Versions/A/Frameworks/PrintCore.framework/Versions/A/PrintCore
0x00007fff4875c000 	/System/Library/Frameworks/ApplicationServices.framework/Versions/A/Frameworks/QD.framework/Versions/A/QD
0x00007fff48796000 	/System/Library/Frameworks/ApplicationServices.framework/Versions/A/Frameworks/SpeechSynthesis.framework/Versions/A/SpeechSynthesis
0x00007fff730fe000 	/usr/lib/libcompression.dylib
0x00007fff4ed16000 	/System/Library/Frameworks/MetalPerformanceShaders.framework/Versions/A/MetalPerformanceShaders
0x00007fff4629d000 	/System/Library/Frameworks/Accelerate.framework/Versions/A/Frameworks/vImage.framework/Versions/A/vImage
0x00007fff47317000 	/System/Library/Frameworks/Accelerate.framework/Versions/A/Frameworks/vecLib.framework/Versions/A/vecLib
0x00007fff47263000 	/System/Library/Frameworks/Accelerate.framework/Versions/A/Frameworks/vecLib.framework/Versions/A/libvMisc.dylib
0x00007fff4707b000 	/System/Library/Frameworks/Accelerate.framework/Versions/A/Frameworks/vecLib.framework/Versions/A/libvDSP.dylib
0x00007fff46937000 	/System/Library/Frameworks/Accelerate.framework/Versions/A/Frameworks/vecLib.framework/Versions/A/libBLAS.dylib
0x00007fff46c24000 	/System/Library/Frameworks/Accelerate.framework/Versions/A/Frameworks/vecLib.framework/Versions/A/libLAPACK.dylib
0x00007fff46fce000 	/System/Library/Frameworks/Accelerate.framework/Versions/A/Frameworks/vecLib.framework/Versions/A/libLinearAlgebra.dylib
0x00007fff47067000 	/System/Library/Frameworks/Accelerate.framework/Versions/A/Frameworks/vecLib.framework/Versions/A/libSparseBLAS.dylib
0x00007fff46fe4000 	/System/Library/Frameworks/Accelerate.framework/Versions/A/Frameworks/vecLib.framework/Versions/A/libQuadrature.dylib
0x00007fff46bb1000 	/System/Library/Frameworks/Accelerate.framework/Versions/A/Frameworks/vecLib.framework/Versions/A/libBNNS.dylib
0x00007fff46fea000 	/System/Library/Frameworks/Accelerate.framework/Versions/A/Frameworks/vecLib.framework/Versions/A/libSparse.dylib
0x00007fff64f4f000 	/System/Library/PrivateFrameworks/GPUWrangler.framework/Versions/A/GPUWrangler
0x00007fff6724f000 	/System/Library/PrivateFrameworks/IOAccelerator.framework/Versions/A/IOAccelerator
0x00007fff6725a000 	/System/Library/PrivateFrameworks/IOPresentment.framework/Versions/A/IOPresentment
0x00007fff5e9d9000 	/System/Library/PrivateFrameworks/DSExternalDisplay.framework/Versions/A/DSExternalDisplay
0x00007fff52f8a000 	/System/Library/Frameworks/OpenGL.framework/Versions/A/Libraries/libCoreFSCache.dylib
0x00007fff4eb0a000 	/System/Library/Frameworks/MetalPerformanceShaders.framework/Frameworks/MPSCore.framework/Versions/A/MPSCore
0x00007fff4eb2a000 	/System/Library/Frameworks/MetalPerformanceShaders.framework/Frameworks/MPSImage.framework/Versions/A/MPSImage
0x00007fff4ebcf000 	/System/Library/Frameworks/MetalPerformanceShaders.framework/Frameworks/MPSNeuralNetwork.framework/Versions/A/MPSNeuralNetwork
0x00007fff4eba7000 	/System/Library/Frameworks/MetalPerformanceShaders.framework/Frameworks/MPSMatrix.framework/Versions/A/MPSMatrix
0x00007fff4ecfb000 	/System/Library/Frameworks/MetalPerformanceShaders.framework/Frameworks/MPSRayIntersector.framework/Versions/A/MPSRayIntersector
0x00007fff68749000 	/System/Library/PrivateFrameworks/MetalTools.framework/Versions/A/MetalTools
0x00007fff59891000 	/System/Library/PrivateFrameworks/AggregateDictionary.framework/Versions/A/AggregateDictionary
0x00007fff72cdf000 	/usr/lib/libMobileGestalt.dylib
0x00007fff4bc33000 	/System/Library/Frameworks/CoreVideo.framework/Versions/A/CoreVideo
0x00007fff65d60000 	/System/Library/PrivateFrameworks/GraphVisualizer.framework/Versions/A/GraphVisualizer
0x00007fff5fbdf000 	/System/Library/PrivateFrameworks/FaceCore.framework/Versions/A/FaceCore
0x00007fff525b8000 	/System/Library/Frameworks/OpenCL.framework/Versions/A/OpenCL
0x00007fff72a37000 	/usr/lib/libFosl_dynamic.dylib
0x00007fff6951b000 	/System/Library/PrivateFrameworks/OTSVG.framework/Versions/A/OTSVG
0x00007fff483c5000 	/System/Library/Frameworks/ApplicationServices.framework/Versions/A/Frameworks/ATS.framework/Versions/A/Resources/libFontParser.dylib
0x00007fff484dd000 	/System/Library/Frameworks/ApplicationServices.framework/Versions/A/Frameworks/ATS.framework/Versions/A/Resources/libFontRegistry.dylib
0x00007fff4cb3f000 	/System/Library/Frameworks/ImageIO.framework/Versions/A/Resources/libJPEG.dylib
0x00007fff4ce51000 	/System/Library/Frameworks/ImageIO.framework/Versions/A/Resources/libTIFF.dylib
0x00007fff4ce27000 	/System/Library/Frameworks/ImageIO.framework/Versions/A/Resources/libPng.dylib
0x00007fff4ca5d000 	/System/Library/Frameworks/ImageIO.framework/Versions/A/Resources/libGIF.dylib
0x00007fff4ca62000 	/System/Library/Frameworks/ImageIO.framework/Versions/A/Resources/libJP2.dylib
0x00007fff4ce4e000 	/System/Library/Frameworks/ImageIO.framework/Versions/A/Resources/libRadiance.dylib
0x00007fff5a13e000 	/System/Library/PrivateFrameworks/AppleJPEG.framework/Versions/A/AppleJPEG
0x00007fff52f95000 	/System/Library/Frameworks/OpenGL.framework/Versions/A/Libraries/libGFXShared.dylib
0x00007fff53158000 	/System/Library/Frameworks/OpenGL.framework/Versions/A/Libraries/libGLU.dylib
0x00007fff52f9e000 	/System/Library/Frameworks/OpenGL.framework/Versions/A/Libraries/libGL.dylib
0x00007fff52faa000 	/System/Library/Frameworks/OpenGL.framework/Versions/A/Libraries/libGLImage.dylib
0x00007fff52f87000 	/System/Library/Frameworks/OpenGL.framework/Versions/A/Libraries/libCVMSPluginSupport.dylib
0x00007fff52f90000 	/System/Library/Frameworks/OpenGL.framework/Versions/A/Libraries/libCoreVMClient.dylib
0x00007fff7384f000 	/usr/lib/libcups.2.dylib
0x00007fff4e011000 	/System/Library/Frameworks/Kerberos.framework/Versions/A/Kerberos
0x00007fff4c541000 	/System/Library/Frameworks/GSS.framework/Versions/A/GSS
0x00007fff74f62000 	/usr/lib/libresolv.9.dylib
0x00007fff73a41000 	/usr/lib/libiconv.2.dylib
0x00007fff65ed5000 	/System/Library/PrivateFrameworks/Heimdal.framework/Versions/A/Heimdal
0x00007fff73a11000 	/usr/lib/libheimdal-asn1.dylib
0x00007fff5262c000 	/System/Library/Frameworks/OpenDirectory.framework/Versions/A/OpenDirectory
0x00007fff5c964000 	/System/Library/PrivateFrameworks/CommonAuth.framework/Versions/A/CommonAuth
0x00007fff52610000 	/System/Library/Frameworks/OpenDirectory.framework/Versions/A/Frameworks/CFOpenDirectory.framework/Versions/A/CFOpenDirectory
0x00007fff556d3000 	/System/Library/Frameworks/SecurityFoundation.framework/Versions/A/SecurityFoundation
0x00007fff58dd7000 	/System/Library/PrivateFrameworks/APFS.framework/Versions/A/APFS
0x00007fff753c3000 	/usr/lib/libutil.dylib
0x00007fff730ec000 	/usr/lib/libcharset.1.dylib
0x00007fff5a3db000 	/System/Library/PrivateFrameworks/AppleSauce.framework/Versions/A/AppleSauce
0x00007fff5a55c000 	/System/Library/PrivateFrameworks/AssertionServices.framework/Versions/A/AssertionServices
0x00007fff5ac8c000 	/System/Library/PrivateFrameworks/BaseBoard.framework/Versions/A/BaseBoard
0x00007fff73e12000 	/usr/lib/libmecab.1.0.0.dylib
0x00007fff73a0b000 	/usr/lib/libgermantok.dylib
0x00007fff72ebc000 	/usr/lib/libThaiTokenizer.dylib
0x00007fff72967000 	/usr/lib/libChineseTokenizer.dylib
0x00007fff67907000 	/System/Library/PrivateFrameworks/LanguageModeling.framework/Versions/A/LanguageModeling
0x00007fff5d646000 	/System/Library/PrivateFrameworks/CoreEmoji.framework/Versions/A/CoreEmoji
0x00007fff679e3000 	/System/Library/PrivateFrameworks/Lexicon.framework/Versions/A/Lexicon
0x00007fff67a26000 	/System/Library/PrivateFrameworks/LinguisticData.framework/Versions/A/LinguisticData
0x00007fff730ed000 	/usr/lib/libcmph.dylib
0x00007fff55791000 	/System/Library/Frameworks/ServiceManagement.framework/Versions/A/ServiceManagement
0x00007fff5abed000 	/System/Library/PrivateFrameworks/BackgroundTaskManagement.framework/Versions/A/BackgroundTaskManagement
0x00007fff754bc000 	/usr/lib/libxslt.1.dylib
0x00007fff49432000 	/System/Library/Frameworks/Carbon.framework/Versions/A/Frameworks/Ink.framework/Versions/A/Ink
0x00007fff709f7000 	/System/Library/PrivateFrameworks/TextureIO.framework/Versions/A/TextureIO
0x00007fff72f10000 	/usr/lib/libate.dylib
0x00007fff5e928000 	/System/Library/PrivateFrameworks/CrashReporterSupport.framework/Versions/A/CrashReporterSupport
0x00007fff6e131000 	/System/Library/PrivateFrameworks/Sharing.framework/Versions/A/Sharing
0x00007fff5a93f000 	/System/Library/PrivateFrameworks/AuthKit.framework/Versions/A/AuthKit
0x00007fff59e93000 	/System/Library/PrivateFrameworks/Apple80211.framework/Versions/A/Apple80211
0x00007fff5e6d0000 	/System/Library/PrivateFrameworks/CoreUtils.framework/Versions/A/CoreUtils
0x00007fff4bc74000 	/System/Library/Frameworks/CoreWLAN.framework/Versions/A/CoreWLAN
0x00007fff4c670000 	/System/Library/Frameworks/IOBluetooth.framework/Versions/A/IOBluetooth
0x00007fff6c5a5000 	/System/Library/PrivateFrameworks/ProtocolBuffer.framework/Versions/A/ProtocolBuffer
0x00007fff689a6000 	/System/Library/PrivateFrameworks/MobileKeyBag.framework/Versions/A/MobileKeyBag
0x00007fff5df14000 	/System/Library/PrivateFrameworks/CorePhoneNumbers.framework/Versions/A/CorePhoneNumbers
0x00007fff5a0f2000 	/System/Library/PrivateFrameworks/AppleIDAuthSupport.framework/Versions/A/AppleIDAuthSupport
0x00007fff678da000 	/System/Library/PrivateFrameworks/KeychainCircle.framework/Versions/A/KeychainCircle
0x00007fff6c75b000 	/System/Library/PrivateFrameworks/ROCKit.framework/Versions/A/ROCKit
0x00007fff5e8c4000 	/System/Library/PrivateFrameworks/CoreWiFi.framework/Versions/A/CoreWiFi
0x00007fff49a00000 	/System/Library/Frameworks/CoreBluetooth.framework/Versions/A/CoreBluetooth
0x00007fff5eb1f000 	/System/Library/PrivateFrameworks/DebugSymbols.framework/Versions/A/DebugSymbols
0x00007fff5e490000 	/System/Library/PrivateFrameworks/CoreSymbolication.framework/Versions/A/CoreSymbolication
0x00007fff70212000 	/System/Library/PrivateFrameworks/Symbolication.framework/Versions/A/Symbolication
0x00007fff6fab5000 	/System/Library/PrivateFrameworks/SpeechRecognitionCore.framework/Versions/A/SpeechRecognitionCore
0x0000000100e00000 	/Applications/IntelliJ IDEA.app/Contents/jbr/Contents/Home/lib/server/libjvm.dylib
0x00000001004b8000 	/Applications/IntelliJ IDEA.app/Contents/jbr/Contents/Home/lib/libverify.dylib
0x00000001004c9000 	/Applications/IntelliJ IDEA.app/Contents/jbr/Contents/Home/lib/libjava.dylib
0x0000000100514000 	/Applications/IntelliJ IDEA.app/Contents/jbr/Contents/Home/lib/libinstrument.dylib
0x00000001005b1000 	/Applications/IntelliJ IDEA.app/Contents/jbr/Contents/Home/lib/libzip.dylib
0x00000001005be000 	/Applications/IntelliJ IDEA.app/Contents/jbr/Contents/Home/lib/libjimage.dylib
0x000000011cb59000 	/Applications/IntelliJ IDEA.app/Contents/jbr/Contents/Home/lib/libnio.dylib
0x000000011cb6c000 	/Applications/IntelliJ IDEA.app/Contents/jbr/Contents/Home/lib/./libnet.dylib
0x000000011cc0e000 	/Applications/IntelliJ IDEA.app/Contents/jbr/Contents/Home/lib/libextnet.dylib
0x000000011cc16000 	/Applications/IntelliJ IDEA.app/Contents/jbr/Contents/Home/lib/libawt.dylib
0x000000011ccb6000 	/Applications/IntelliJ IDEA.app/Contents/jbr/Contents/Home/lib/./libmlib_image.dylib
0x00007fff4dffa000 	/System/Library/Frameworks/JavaVM.framework/Versions/A/Frameworks/JavaNativeFoundation.framework/Versions/A/JavaNativeFoundation
0x00007fff4e003000 	/System/Library/Frameworks/JavaVM.framework/Versions/A/Frameworks/JavaRuntimeSupport.framework/Versions/A/JavaRuntimeSupport
0x00007fff4e00c000 	/System/Library/Frameworks/JavaVM.framework/Versions/A/JavaVM
0x00007fff677f9000 	/System/Library/PrivateFrameworks/JavaLaunching.framework/Versions/A/JavaLaunching
0x00007fff4912b000 	/System/Library/Frameworks/Carbon.framework/Versions/A/Carbon
0x00007fff4912c000 	/System/Library/Frameworks/Carbon.framework/Versions/A/Frameworks/CommonPanels.framework/Versions/A/CommonPanels
0x00007fff49428000 	/System/Library/Frameworks/Carbon.framework/Versions/A/Frameworks/Help.framework/Versions/A/Help
0x00007fff4942c000 	/System/Library/Frameworks/Carbon.framework/Versions/A/Frameworks/ImageCapture.framework/Versions/A/ImageCapture
0x00007fff494c8000 	/System/Library/Frameworks/Carbon.framework/Versions/A/Frameworks/OpenScripting.framework/Versions/A/OpenScripting
0x00007fff49500000 	/System/Library/Frameworks/Carbon.framework/Versions/A/Frameworks/Print.framework/Versions/A/Print
0x00007fff49502000 	/System/Library/Frameworks/Carbon.framework/Versions/A/Frameworks/SecurityHI.framework/Versions/A/SecurityHI
0x000000011cd22000 	/Applications/IntelliJ IDEA.app/Contents/jbr/Contents/Home/lib/libawt_lwawt.dylib
0x000000011cddc000 	/Applications/IntelliJ IDEA.app/Contents/jbr/Contents/Home/lib/./libosxapp.dylib
0x00007fff4c0fe000 	/System/Library/Frameworks/ExceptionHandling.framework/Versions/A/ExceptionHandling
0x000000011cf87000 	/Applications/IntelliJ IDEA.app/Contents/jbr/Contents/Home/lib/libfontmanager.dylib
0x000000011d086000 	/Applications/IntelliJ IDEA.app/Contents/jbr/Contents/Home/lib/./libfreetype.dylib
0x00007fff5e098000 	/System/Library/PrivateFrameworks/CoreServicesInternal.framework/Versions/A/CoreServicesInternal
0x00007fff3e603000 	/System/Library/CoreServices/RawCamera.bundle/Contents/MacOS/RawCamera
0x00007fff687ed000 	/System/Library/PrivateFrameworks/MobileAsset.framework/Versions/A/MobileAsset
0x00007fff70160000 	/System/Library/PrivateFrameworks/StreamingZip.framework/Versions/A/StreamingZip
0x00007fff4e39e000 	/System/Library/Frameworks/MediaToolbox.framework/Versions/A/MediaToolbox
0x00007fff5d1ea000 	/System/Library/PrivateFrameworks/CoreAVCHD.framework/Versions/A/CoreAVCHD
0x00007fff4e2e4000 	/System/Library/Frameworks/MediaAccessibility.framework/Versions/A/MediaAccessibility
0x00007fff68249000 	/System/Library/PrivateFrameworks/Mangrove.framework/Versions/A/Mangrove
0x00007fff4af97000 	/System/Library/Frameworks/CoreMedia.framework/Versions/A/CoreMedia
0x00007fff55dfa000 	/System/Library/Frameworks/VideoToolbox.framework/Versions/A/VideoToolbox
0x00007fff5ce06000 	/System/Library/PrivateFrameworks/CoreAUC.framework/Versions/A/CoreAUC
0x00007fff74fcb000 	/usr/lib/libspindump.dylib
0x00007fff5a4c1000 	/System/Library/PrivateFrameworks/AppleVA.framework/Versions/A/AppleVA
0x00007fff46286000 	/System/Library/Frameworks/Accelerate.framework/Versions/A/Frameworks/vImage.framework/Versions/A/Libraries/libCGInterfaces.dylib
0x00007fff48579000 	/System/Library/Frameworks/ApplicationServices.framework/Versions/A/Frameworks/ATS.framework/Versions/A/Resources/libTrueTypeScaler.dylib
0x00007fff425df000 	/System/Library/Extensions/AppleIntelHD5000GraphicsMTLDriver.bundle/Contents/MacOS/AppleIntelHD5000GraphicsMTLDriver
0x00007fff638ae000 	/System/Library/PrivateFrameworks/GPUCompiler.framework/Versions/3902/Libraries/libmetal_timestamp.dylib
0x00007fff719af000 	/System/Library/PrivateFrameworks/ViewBridge.framework/Versions/A/ViewBridge
0x0000000100506000 	/Applications/IntelliJ IDEA.app/Contents/jbr/Contents/Home/lib/libosx.dylib
0x00007fff53b43000 	/System/Library/Frameworks/OpenGL.framework/Versions/A/Resources/GLEngine.bundle/GLEngine
0x00007fff52fe5000 	/System/Library/Frameworks/OpenGL.framework/Versions/A/Libraries/libGLProgrammability.dylib
0x00007fff420cc000 	/System/Library/Extensions/AppleIntelHD5000GraphicsGLDriver.bundle/Contents/MacOS/AppleIntelHD5000GraphicsGLDriver
0x00007fff64f43000 	/System/Library/PrivateFrameworks/GPUSupport.framework/Versions/A/Libraries/libGPUSupportMercury.dylib
0x00007fff53cdb000 	/System/Library/Frameworks/OpenGL.framework/Versions/A/Resources/GLRendererFloat.bundle/GLRendererFloat
0x00007fff525af000 	/System/Library/Frameworks/OpenCL.framework/Versions/A/Libraries/libcldcpuengine.dylib
0x00007fff73541000 	/usr/lib/libcrypto.35.dylib
0x00007fff70b75000 	/System/Library/PrivateFrameworks/TrustEvaluationAgent.framework/Versions/A/TrustEvaluationAgent
0x00000001224a2000 	/Applications/IntelliJ IDEA.app/Contents/jbr/Contents/Home/lib/libosxui.dylib
0x000000011cacb000 	/Applications/IntelliJ IDEA.app/Contents/jbr/Contents/Home/lib/libprefs.dylib
0x000000011cac3000 	/usr/lib/libobjc-trampolines.dylib
0x000000012362f000 	/Users/stock/workspaces/Java/jMonkeyEngineTestProject1/liblwjgl.dylib
0x000000011f0da000 	/Applications/IntelliJ IDEA.app/Contents/jbr/Contents/Home/lib/libjawt.dylib
0x0000000160019000 	/Users/stock/workspaces/Java/jMonkeyEngineTestProject1/openal.dylib
0x0000000161bc2000 	/System/Library/Components/CoreAudio.component/Contents/MacOS/CoreAudio
0x0000000121fea000 	/System/Library/Extensions/AppleHDA.kext/Contents/PlugIns/AppleHDAHALPlugIn.bundle/Contents/MacOS/AppleHDAHALPlugIn
0x000000016036c000 	/Applications/IntelliJ IDEA.app/Contents/jbr/Contents/Home/lib/libjavajpeg.dylib
0x00007fff72667000 	/System/Library/PrivateFrameworks/login.framework/Versions/A/login


VM Arguments:
jvm_args: -javaagent:/Applications/IntelliJ IDEA.app/Contents/lib/idea_rt.jar=59934:/Applications/IntelliJ IDEA.app/Contents/bin -Dfile.encoding=UTF-8 
java_command: de.christopherstock.jme.game2.Town
java_class_path (initial): /Users/stock/workspaces/Java/jMonkeyEngineTestProject1/bin/production/jMonkeyEngineTestProject1:/Users/stock/workspaces/Java/jMonkeyEngineTestProject1/dist/lib/eventbus.jar:/Users/stock/workspaces/Java/jMonkeyEngineTestProject1/dist/lib/j-ogg-oggd.jar:/Users/stock/workspaces/Java/jMonkeyEngineTestProject1/dist/lib/j-ogg-vorbisd.jar:/Users/stock/workspaces/Java/jMonkeyEngineTestProject1/dist/lib/jbullet.jar:/Users/stock/workspaces/Java/jMonkeyEngineTestProject1/dist/lib/jinput.jar:/Users/stock/workspaces/Java/jMonkeyEngineTestProject1/dist/lib/jME3-core.jar:/Users/stock/workspaces/Java/jMonkeyEngineTestProject1/dist/lib/jME3-desktop.jar:/Users/stock/workspaces/Java/jMonkeyEngineTestProject1/dist/lib/jME3-effects.jar:/Users/stock/workspaces/Java/jMonkeyEngineTestProject1/dist/lib/jME3-jbullet.jar:/Users/stock/workspaces/Java/jMonkeyEngineTestProject1/dist/lib/jME3-jogg.jar:/Users/stock/workspaces/Java/jMonkeyEngineTestProject1/dist/lib/jME3-lwjgl.jar:/Users/stock/workspaces/Java/jMonkeyEngineTestProject1/dist/lib/jME3-lwjgl-natives.jar:/Users/stock/workspaces/Java/jMonkeyEngineTestProject1/dist/lib/jME3-networking.jar:/Users/stock/workspaces/Java/jMonkeyEngineTestProject1/dist/lib/jME3-niftygui.jar:/Users/stock/workspaces/Java/jMonkeyEngineTestProject1/dist/lib/jME3-plugins.jar:/Users/stock/workspaces/Java/jMonkeyEngineTestProject1/dist/lib/jME3-terrain.jar:/Users/stock/workspaces/Java/jMonkeyEngineTestProject1/dist/lib/lwjgl.jar:/Users/stock/workspaces/Java/jMonkeyEngineTestProject1/dist/lib/nifty.jar:/Users/stock/workspaces/Java/jMonkeyEngineTestProject1/dist/lib/nifty-default-controls.jar:/Users/stock/workspaces/Java/jMonkeyEngineTestProject1/dist/lib/stack-alloc.jar:/Users/stock/workspaces/Java/jMonkeyEngineTestProject1/dist/lib/vecmath.jar:/Users/stock/workspaces/Java/jMonkeyEngineTestProject1/dist/lib/xmlpull-xpp3.jar
Launcher Type: SUN_STANDARD

[Global flags]
     intx CICompilerCount                          = 3                                         {product} {ergonomic}
     uint ConcGCThreads                            = 1                                         {product} {ergonomic}
     uint G1ConcRefinementThreads                  = 4                                         {product} {ergonomic}
   size_t G1HeapRegionSize                         = 1048576                                   {product} {ergonomic}
    uintx GCDrainStackTargetSize                   = 64                                        {product} {ergonomic}
   size_t InitialHeapSize                          = 134217728                                 {product} {ergonomic}
   size_t MarkStackSize                            = 4194304                                   {product} {ergonomic}
   size_t MaxHeapSize                              = 2147483648                                {product} {ergonomic}
   size_t MaxNewSize                               = 1287651328                                {product} {ergonomic}
   size_t MinHeapDeltaBytes                        = 1048576                                   {product} {ergonomic}
    uintx NonNMethodCodeHeapSize                   = 5830092                                {pd product} {ergonomic}
    uintx NonProfiledCodeHeapSize                  = 122914074                              {pd product} {ergonomic}
    uintx ProfiledCodeHeapSize                     = 122914074                              {pd product} {ergonomic}
    uintx ReservedCodeCacheSize                    = 251658240                              {pd product} {ergonomic}
     bool SegmentedCodeCache                       = true                                      {product} {ergonomic}
     bool UseCompressedClassPointers               = true                                 {lp64_product} {ergonomic}
     bool UseCompressedOops                        = true                                 {lp64_product} {ergonomic}
     bool UseG1GC                                  = true                                      {product} {ergonomic}

Logging:
Log output configuration:
 #0: stdout all=warning uptime,level,tags
 #1: stderr all=off uptime,level,tags

Environment Variables:
PATH=/usr/sbin/apachectl:/usr/local/Cellar/mysql@5.7/5.7.25/bin:/usr/local/Cellar/php@7.2/7.2.18/bin:/usr/local/bin:/usr/bin:/bin:/usr/sbin:/sbin
SHELL=/bin/bash

Signal Handlers:
SIGSEGV: [libjvm.dylib+0x73de8a], sa_mask[0]=11111111011111110111111111111111, sa_flags=SA_ONSTACK|SA_RESTART|SA_SIGINFO
SIGBUS: [libjvm.dylib+0x73de8a], sa_mask[0]=11111111011111110111111111111111, sa_flags=SA_RESTART|SA_SIGINFO
SIGFPE: [libjvm.dylib+0x73de8a], sa_mask[0]=11111111011111110111111111111111, sa_flags=SA_RESTART|SA_SIGINFO
SIGPIPE: [libjvm.dylib+0x5f061e], sa_mask[0]=11111111011111110111111111111111, sa_flags=SA_RESTART|SA_SIGINFO
SIGXFSZ: [libjvm.dylib+0x5f061e], sa_mask[0]=11111111011111110111111111111111, sa_flags=SA_RESTART|SA_SIGINFO
SIGILL: [libjvm.dylib+0x73de8a], sa_mask[0]=11111111011111110111111111111111, sa_flags=SA_RESTART|SA_SIGINFO
SIGUSR2: [libjvm.dylib+0x5f0c03], sa_mask[0]=00100000000000000000000000000000, sa_flags=SA_RESTART|SA_SIGINFO
SIGHUP: [libjvm.dylib+0x5ef655], sa_mask[0]=11111111011111110111111111111111, sa_flags=SA_RESTART|SA_SIGINFO
SIGINT: [libjvm.dylib+0x5ef655], sa_mask[0]=11111111011111110111111111111111, sa_flags=SA_RESTART|SA_SIGINFO
SIGTERM: [libjvm.dylib+0x5ef655], sa_mask[0]=11111111011111110111111111111111, sa_flags=SA_RESTART|SA_SIGINFO
SIGQUIT: [libjvm.dylib+0x5ef655], sa_mask[0]=11111111011111110111111111111111, sa_flags=SA_RESTART|SA_SIGINFO


---------------  S Y S T E M  ---------------

OS:uname:Darwin 18.7.0 Darwin Kernel Version 18.7.0: Tue Aug 20 16:57:14 PDT 2019; root:xnu-4903.271.2~2/RELEASE_X86_64 x86_64
rlimit: STACK 8192k, CORE 0k, NPROC 709, NOFILE 10240, AS infinity, DATA infinity, FSIZE infinity
load average:2.42 2.90 3.98

CPU:total 4 (initial active 4) (2 cores per cpu, 2 threads per core) family 6 model 69 stepping 1, cmov, cx8, fxsr, mmx, sse, sse2, sse3, ssse3, sse4.1, sse4.2, popcnt, avx, avx2, aes, clmul, erms, lzcnt, ht, tsc, tscinvbit, bmi1, bmi2, fma

Memory: 4k page, physical 8388608k(55772k free)

vm_info: OpenJDK 64-Bit Server VM (11.0.4+10-b304.69) for bsd-amd64 JRE (11.0.4+10-b304.69), built on Sep  9 2019 01:53:50 by "builduser" with gcc 4.2.1 Compatible Apple LLVM 9.1.0 (clang-902.0.39.2)

END.
